{
  "timestamp": "2025-07-07T12:13:01.829769",
  "overall_success": false,
  "backend_success": false,
  "frontend_success": false,
  "backend_output": "Starting Authentication Flow Tests\n==================================================\n[12:12:52] PASS: CSRF Token Retrieval - Status: 200\n[12:12:53] PASS: User Registration - Status: 201\n   Created user: testuser_1751904772_snlk\n[12:12:54] PASS: Email OTP Send - Status: 200\n   OTP sent to: testuser_1751904772_snlk@example.com\n   Response: Verification code sent to tes***@example.com\n[12:12:54] FAIL: Phone OTP Send - Status: 404\n[12:12:54] PASS: Email OTP Verification Endpoint - Status: 400\n[12:12:54] FAIL: Phone OTP Verification Endpoint - Status: 404\n[12:12:55] FAIL: Password Login - Status: 401\n[12:12:55] FAIL: Email OTP Login - Send OTP - Status: 500\n[12:12:55] FAIL: Phone OTP Login - Send OTP - Status: 404\n[12:12:56] PASS: Rate Limiting - Responses: [500, 500, 500, 500, 500, 500]\n[12:12:56] PASS: Invalid Email Format - Status: 400\n[12:12:56] PASS: Invalid Phone Format - Status: 400\n[12:12:56] PASS: Non-existent User - Status: 404\n[12:12:56] FAIL: Session Management - No user session available\n[12:12:56] FAIL: Logout - Status: 403\n[12:12:56] PASS: Session Invalidation - Status: 403\n\n==================================================\nTest Results: 6/12 tests passed\nSome tests failed. Check the logs above.\nTraceback (most recent call last):\n  File \"C:\\Users\\njs_3\\CalloutRacing-1\\scripts\\testing\\test_auth_flow.py\", line 424, in <module>\n    exit(main())\n         ~~~~^^\n  File \"C:\\Users\\njs_3\\CalloutRacing-1\\scripts\\testing\\test_auth_flow.py\", line 420, in main\n    print(f\"\\n\\U0001f4c4 Test results saved to: auth_flow_test_results.json\")\n    ~~~~~^^^^^^^^^^^^^^^^^^^^^^^^^^^^^^^^^^^^^^^^^^^^^^^^^^^^^^^^^^^^\n  File \"C:\\Program Files\\WindowsApps\\PythonSoftwareFoundation.Python.3.13_3.13.1520.0_x64__qbz5n2kfra8p0\\Lib\\encodings\\cp1252.py\", line 19, in encode\n    return codecs.charmap_encode(input,self.errors,encoding_table)[0]\n           ~~~~~~~~~~~~~~~~~~~~~^^^^^^^^^^^^^^^^^^^^^^^^^^^^^^^^^^\nUnicodeEncodeError: 'charmap' codec can't encode character '\\U0001f4c4' in position 2: character maps to <undefined>\n",
  "frontend_output": "Starting Frontend Authentication Flow Tests\n============================================================\n[12:12:57] FAIL: Frontend Health Check - Status: 404\n[12:12:57] FAIL: Landing Page - Status: 404\n[12:12:57] FAIL: Registration Page - Status: 404\n[12:12:57] FAIL: Login Page - Status: 404\n[12:12:57] FAIL: OTP Login Page - Status: 404\n[12:12:57] PASS: Backend API Connectivity - CSRF Status: 200\n   Backend API accessible at: https://calloutracing-backend-production.up.railway.app/api\n[12:12:59] PASS: Registration Flow - Create User - Status: 201\n   Created test user: frontend_test_1751904777_lzub\n[12:12:59] PASS: Registration Flow - Email OTP - Status: 200\n[12:13:00] FAIL: Registration Flow - Phone OTP - Status: 404\n[12:13:00] FAIL: Login Flow - Password Login - Status: 401\n[12:13:00] FAIL: Session Management - No user session available\n[12:13:01] FAIL: Error Handling - Invalid Registration - Status: 201\n[12:13:01] FAIL: Error Handling - Invalid Login - Status: 401\n[12:13:01] FAIL: Logout Flow - Status: 403\n[12:13:01] PASS: Logout Flow - Session Invalidation - Status: 403\n[12:13:01] FAIL: Frontend Routing - /login - Status: 404\n[12:13:01] FAIL: Frontend Routing - /signup - Status: 404\n[12:13:01] FAIL: Frontend Routing - /otp-login - Status: 404\n[12:13:01] FAIL: Frontend Routing - /forgot-password - Status: 404\n[12:13:01] FAIL: Frontend Routing - /reset-password - Status: 404\n[12:13:01] FAIL: Frontend Routing Overall - 0/5 pages accessible\n\n============================================================\nFrontend Test Results: 2/12 tests passed\nSome frontend tests failed. Check the logs above.\nTraceback (most recent call last):\n  File \"C:\\Users\\njs_3\\CalloutRacing-1\\scripts\\testing\\test_frontend_auth_flow.py\", line 405, in <module>\n    exit(main())\n         ~~~~^^\n  File \"C:\\Users\\njs_3\\CalloutRacing-1\\scripts\\testing\\test_frontend_auth_flow.py\", line 401, in main\n    print(f\"\\n\\U0001f4c4 Frontend test results saved to: frontend_auth_flow_test_results.json\")\n    ~~~~~^^^^^^^^^^^^^^^^^^^^^^^^^^^^^^^^^^^^^^^^^^^^^^^^^^^^^^^^^^^^^^^^^^^^^^^^^^^^^^\n  File \"C:\\Program Files\\WindowsApps\\PythonSoftwareFoundation.Python.3.13_3.13.1520.0_x64__qbz5n2kfra8p0\\Lib\\encodings\\cp1252.py\", line 19, in encode\n    return codecs.charmap_encode(input,self.errors,encoding_table)[0]\n           ~~~~~~~~~~~~~~~~~~~~~^^^^^^^^^^^^^^^^^^^^^^^^^^^^^^^^^^\nUnicodeEncodeError: 'charmap' codec can't encode character '\\U0001f4c4' in position 2: character maps to <undefined>\n",
  "recommendations": [
    "Fix backend issues before proceeding",
    "Fix frontend issues before proceeding"
  ]
}